XMENU: 20230123 18:01:39 STARTING...
PWD: 20230123 18:01:45 I have started...
PWD: 20230123 18:01:45 /Users/berndflunger/Documents/BF-Python/XMENU
PWD: 20230123 18:01:45 I have finished!
LS .: 20230123 18:01:45 I have started...
LS .: 20230123 18:01:45 total 88
LS .: 20230123 18:01:45 drwxr-xr-x@ 6 berndflunger  staff    192 23 Jan 18:10 .
LS .: 20230123 18:01:45 drwxr-xr-x@ 8 berndflunger  staff    256 23 Jan 18:10 ..
LS .: 20230123 18:01:45 -rw-r--r--  1 berndflunger  staff      0 23 Jan 18:10 xmenu-session.log
LS .: 20230123 18:01:45 -rw-r--r--  1 berndflunger  staff    844 10 Jan 20:32 xmenu.json
LS .: 20230123 18:01:45 -rw-r--r--  1 berndflunger  staff   4489 23 Jan 18:10 xmenu.log
LS .: 20230123 18:01:45 -rw-r--r--  1 berndflunger  staff  31874 23 Jan 18:10 xmenu.py
LS .: 20230123 18:01:45 I have finished!
PWD: 20230123 18:01:53 I have started...
PWD: 20230123 18:01:53 /Users/berndflunger/Documents/BF-Python/XMENU
PWD: 20230123 18:01:53 I have finished!
LS .: 20230123 18:01:54 I have started...
LS .: 20230123 18:01:54 total 88
LS .: 20230123 18:01:54 drwxr-xr-x@ 6 berndflunger  staff    192 23 Jan 18:10 .
LS .: 20230123 18:01:54 drwxr-xr-x@ 8 berndflunger  staff    256 23 Jan 18:10 ..
LS .: 20230123 18:01:54 -rw-r--r--  1 berndflunger  staff      0 23 Jan 18:10 xmenu-session.log
LS .: 20230123 18:01:54 -rw-r--r--  1 berndflunger  staff    844 10 Jan 20:32 xmenu.json
LS .: 20230123 18:01:54 -rw-r--r--  1 berndflunger  staff   6932 23 Jan 18:10 xmenu.log
LS .: 20230123 18:01:54 -rw-r--r--  1 berndflunger  staff  31874 23 Jan 18:10 xmenu.py
LS .: 20230123 18:01:54 I have finished!
LS .: 20230123 18:01:54 I have started...
LS .: 20230123 18:01:54 total 88
LS .: 20230123 18:01:54 drwxr-xr-x@ 6 berndflunger  staff    192 23 Jan 18:10 .
LS .: 20230123 18:01:54 drwxr-xr-x@ 8 berndflunger  staff    256 23 Jan 18:10 ..
LS .: 20230123 18:01:54 -rw-r--r--  1 berndflunger  staff      0 23 Jan 18:10 xmenu-session.log
LS .: 20230123 18:01:54 -rw-r--r--  1 berndflunger  staff    844 10 Jan 20:32 xmenu.json
LS .: 20230123 18:01:54 -rw-r--r--  1 berndflunger  staff   8161 23 Jan 18:10 xmenu.log
LS .: 20230123 18:01:54 -rw-r--r--  1 berndflunger  staff  31874 23 Jan 18:10 xmenu.py
LS .: 20230123 18:01:54 I have finished!
LS .: 20230123 18:01:56 I have started...
LS .: 20230123 18:01:56 total 96
LS .: 20230123 18:01:56 drwxr-xr-x@ 6 berndflunger  staff    192 23 Jan 18:10 .
LS .: 20230123 18:01:56 drwxr-xr-x@ 8 berndflunger  staff    256 23 Jan 18:10 ..
LS .: 20230123 18:01:56 -rw-r--r--  1 berndflunger  staff      0 23 Jan 18:10 xmenu-session.log
LS .: 20230123 18:01:56 -rw-r--r--  1 berndflunger  staff    844 10 Jan 20:32 xmenu.json
LS .: 20230123 18:01:56 -rw-r--r--  1 berndflunger  staff   9392 23 Jan 18:10 xmenu.log
LS .: 20230123 18:01:56 -rw-r--r--  1 berndflunger  staff  31874 23 Jan 18:10 xmenu.py
LS .: 20230123 18:01:56 I have finished!
XMENU: 20230123 18:01:00 BYE.
